<?xml version="1.0" encoding="UTF-8"?>
<testng-results skipped="0" failed="0" ignored="0" total="1" passed="1">
  <reporter-output>
  </reporter-output>
  <suite name="Default suite" duration-ms="411804" started-at="2019-03-03T19:01:00Z" finished-at="2019-03-03T19:07:52Z">
    <groups>
    </groups>
    <test name="Default test" duration-ms="411804" started-at="2019-03-03T19:01:00Z" finished-at="2019-03-03T19:07:52Z">
      <class name="com.TestNG.TestNG_TestCase">
        <test-method status="PASS" signature="beforeMethod()[pri:0, instance:com.TestNG.TestNG_TestCase@132ec19]" name="beforeMethod" is-config="true" duration-ms="220552" started-at="2019-03-03T19:01:01Z" finished-at="2019-03-03T19:04:41Z">
          <reporter-output>
          </reporter-output>
        </test-method> <!-- beforeMethod -->
        <test-method status="PASS" signature="TestNGMethod()[pri:0, instance:com.TestNG.TestNG_TestCase@132ec19]" name="TestNGMethod" duration-ms="187027" started-at="2019-03-03T19:04:41Z" finished-at="2019-03-03T19:07:48Z">
          <reporter-output>
          </reporter-output>
        </test-method> <!-- TestNGMethod -->
        <test-method status="PASS" signature="afterMethod(org.testng.ITestResult)[pri:0, instance:com.TestNG.TestNG_TestCase@132ec19]" name="afterMethod" is-config="true" duration-ms="4061" started-at="2019-03-03T19:07:48Z" finished-at="2019-03-03T19:07:52Z">
          <params>
            <param index="0">
              <value>
                <![CDATA[[TestResult name=TestNGMethod status=SUCCESS method=TestNG_TestCase.TestNGMethod()[pri:0, instance:com.TestNG.TestNG_TestCase@132ec19] output={null}]]]>
              </value>
            </param>
          </params>
          <reporter-output>
          </reporter-output>
        </test-method> <!-- afterMethod -->
      </class> <!-- com.TestNG.TestNG_TestCase -->
    </test> <!-- Default test -->
  </suite> <!-- Default suite -->
</testng-results>
